# JRE version: Java(TM) SE Runtime Environment (8.0_161-b12) (build 1.8.0_161-b12)
# Java VM: Java HotSpot(TM) 64-Bit Server VM (25.161-b12 mixed mode windows-amd64 compressed oops)
Heap:
 PSYoungGen      total 162816K, used 30655K [0x00000000e0000000, 0x00000000eb580000, 0x0000000100000000)
  eden space 148992K, 11% used [0x00000000e0000000,0x00000000e1070748,0x00000000e9180000)
  from space 13824K, 99% used [0x00000000ea300000,0x00000000eb07f530,0x00000000eb080000)
  to   space 17920K, 0% used [0x00000000e9180000,0x00000000e9180000,0x00000000ea300000)
 ParOldGen       total 56832K, used 21690K [0x00000000a0000000, 0x00000000a3780000, 0x00000000e0000000)
  object space 56832K, 38% used [0x00000000a0000000,0x00000000a152ea40,0x00000000a3780000)
 Metaspace       used 53434K, capacity 55212K, committed 55424K, reserved 1097728K
  class space    used 7536K, capacity 7983K, committed 8064K, reserved 1048576K
GC Heap History (10 events):
Event: 21.987 GC heap before
{Heap before GC invocations=10 (full 1):
 PSYoungGen      total 97792K, used 97667K [0x00000000e0000000, 0x00000000e8880000, 0x0000000100000000)
  eden space 90624K, 100% used [0x00000000e0000000,0x00000000e5880000,0x00000000e5880000)
  from space 7168K, 98% used [0x00000000e8180000,0x00000000e8860f88,0x00000000e8880000)
  to   space 8704K, 0% used [0x00000000e7780000,0x00000000e7780000,0x00000000e8000000)
 ParOldGen       total 36352K, used 8301K [0x00000000a0000000, 0x00000000a2380000, 0x00000000e0000000)
  object space 36352K, 22% used [0x00000000a0000000,0x00000000a081b498,0x00000000a2380000)
 Metaspace       used 33509K, capacity 34002K, committed 34176K, reserved 1079296K
  class space    used 4784K, capacity 4955K, committed 4992K, reserved 1048576K
Event: 21.999 GC heap after
Heap after GC invocations=10 (full 1):
 PSYoungGen      total 120320K, used 8702K [0x00000000e0000000, 0x00000000e8300000, 0x0000000100000000)
  eden space 111616K, 0% used [0x00000000e0000000,0x00000000e0000000,0x00000000e6d00000)
  from space 8704K, 99% used [0x00000000e7780000,0x00000000e7fffb50,0x00000000e8000000)
  to   space 3072K, 0% used [0x00000000e8000000,0x00000000e8000000,0x00000000e8300000)
 ParOldGen       total 36352K, used 11922K [0x00000000a0000000, 0x00000000a2380000, 0x00000000e0000000)
  object space 36352K, 32% used [0x00000000a0000000,0x00000000a0ba4bf0,0x00000000a2380000)
 Metaspace       used 33509K, capacity 34002K, committed 34176K, reserved 1079296K
  class space    used 4784K, capacity 4955K, committed 4992K, reserved 1048576K
}
Event: 23.486 GC heap before
{Heap before GC invocations=11 (full 1):
 PSYoungGen      total 120320K, used 16857K [0x00000000e0000000, 0x00000000e8300000, 0x0000000100000000)
  eden space 111616K, 7% used [0x00000000e0000000,0x00000000e07f6ac8,0x00000000e6d00000)
  from space 8704K, 99% used [0x00000000e7780000,0x00000000e7fffb50,0x00000000e8000000)
  to   space 3072K, 0% used [0x00000000e8000000,0x00000000e8000000,0x00000000e8300000)
 ParOldGen       total 36352K, used 11922K [0x00000000a0000000, 0x00000000a2380000, 0x00000000e0000000)
  object space 36352K, 32% used [0x00000000a0000000,0x00000000a0ba4bf0,0x00000000a2380000)
 Metaspace       used 34810K, capacity 35374K, committed 35496K, reserved 1079296K
  class space    used 4919K, capacity 5095K, committed 5120K, reserved 1048576K
Event: 23.508 GC heap after
Heap after GC invocations=11 (full 1):
 PSYoungGen      total 122368K, used 3056K [0x00000000e0000000, 0x00000000e9e00000, 0x0000000100000000)
  eden space 119296K, 0% used [0x00000000e0000000,0x00000000e0000000,0x00000000e7480000)
  from space 3072K, 99% used [0x00000000e8000000,0x00000000e82fc010,0x00000000e8300000)
  to   space 11776K, 0% used [0x00000000e7480000,0x00000000e7480000,0x00000000e8000000)
 ParOldGen       total 36352K, used 17146K [0x00000000a0000000, 0x00000000a2380000, 0x00000000e0000000)
  object space 36352K, 47% used [0x00000000a0000000,0x00000000a10be868,0x00000000a2380000)
 Metaspace       used 34810K, capacity 35374K, committed 35496K, reserved 1079296K
  class space    used 4919K, capacity 5095K, committed 5120K, reserved 1048576K
}
Event: 23.508 GC heap before
{Heap before GC invocations=12 (full 2):
 PSYoungGen      total 122368K, used 3056K [0x00000000e0000000, 0x00000000e9e00000, 0x0000000100000000)
  eden space 119296K, 0% used [0x00000000e0000000,0x00000000e0000000,0x00000000e7480000)
  from space 3072K, 99% used [0x00000000e8000000,0x00000000e82fc010,0x00000000e8300000)
  to   space 11776K, 0% used [0x00000000e7480000,0x00000000e7480000,0x00000000e8000000)
 ParOldGen       total 36352K, used 17146K [0x00000000a0000000, 0x00000000a2380000, 0x00000000e0000000)
  object space 36352K, 47% used [0x00000000a0000000,0x00000000a10be868,0x00000000a2380000)
 Metaspace       used 34810K, capacity 35374K, committed 35496K, reserved 1079296K
  class space    used 4919K, capacity 5095K, committed 5120K, reserved 1048576K
Event: 23.573 GC heap after
Heap after GC invocations=12 (full 2):
 PSYoungGen      total 122368K, used 0K [0x00000000e0000000, 0x00000000e9e00000, 0x0000000100000000)
  eden space 119296K, 0% used [0x00000000e0000000,0x00000000e0000000,0x00000000e7480000)
  from space 3072K, 0% used [0x00000000e8000000,0x00000000e8000000,0x00000000e8300000)
  to   space 11776K, 0% used [0x00000000e7480000,0x00000000e7480000,0x00000000e8000000)
 ParOldGen       total 56832K, used 14904K [0x00000000a0000000, 0x00000000a3780000, 0x00000000e0000000)
  object space 56832K, 26% used [0x00000000a0000000,0x00000000a0e8e290,0x00000000a3780000)
 Metaspace       used 34810K, capacity 35374K, committed 35496K, reserved 1079296K
  class space    used 4919K, capacity 5095K, committed 5120K, reserved 1048576K
}
Event: 34.357 GC heap before
{Heap before GC invocations=13 (full 2):
 PSYoungGen      total 122368K, used 119296K [0x00000000e0000000, 0x00000000e9e00000, 0x0000000100000000)
  eden space 119296K, 100% used [0x00000000e0000000,0x00000000e7480000,0x00000000e7480000)
  from space 3072K, 0% used [0x00000000e8000000,0x00000000e8000000,0x00000000e8300000)
  to   space 11776K, 0% used [0x00000000e7480000,0x00000000e7480000,0x00000000e8000000)
 ParOldGen       total 56832K, used 14904K [0x00000000a0000000, 0x00000000a3780000, 0x00000000e0000000)
  object space 56832K, 26% used [0x00000000a0000000,0x00000000a0e8e290,0x00000000a3780000)
 Metaspace       used 42190K, capacity 43074K, committed 43392K, reserved 1087488K
  class space    used 5922K, capacity 6192K, committed 6272K, reserved 1048576K
Event: 34.382 GC heap after
Heap after GC invocations=13 (full 2):
 PSYoungGen      total 131072K, used 11744K [0x00000000e0000000, 0x00000000eb080000, 0x0000000100000000)
  eden space 119296K, 0% used [0x00000000e0000000,0x00000000e0000000,0x00000000e7480000)
  from space 11776K, 99% used [0x00000000e7480000,0x00000000e7ff8240,0x00000000e8000000)
  to   space 13824K, 0% used [0x00000000ea300000,0x00000000ea300000,0x00000000eb080000)
 ParOldGen       total 56832K, used 16133K [0x00000000a0000000, 0x00000000a3780000, 0x00000000e0000000)
  object space 56832K, 28% used [0x00000000a0000000,0x00000000a0fc15c0,0x00000000a3780000)
 Metaspace       used 42190K, capacity 43074K, committed 43392K, reserved 1087488K
  class space    used 5922K, capacity 6192K, committed 6272K, reserved 1048576K
}
Event: 43.291 GC heap before
{Heap before GC invocations=14 (full 2):
 PSYoungGen      total 131072K, used 131040K [0x00000000e0000000, 0x00000000eb080000, 0x0000000100000000)
  eden space 119296K, 100% used [0x00000000e0000000,0x00000000e7480000,0x00000000e7480000)
  from space 11776K, 99% used [0x00000000e7480000,0x00000000e7ff8240,0x00000000e8000000)
  to   space 13824K, 0% used [0x00000000ea300000,0x00000000ea300000,0x00000000eb080000)
 ParOldGen       total 56832K, used 16133K [0x00000000a0000000, 0x00000000a3780000, 0x00000000e0000000)
  object space 56832K, 28% used [0x00000000a0000000,0x00000000a0fc15c0,0x00000000a3780000)
 Metaspace       used 52339K, capacity 54092K, committed 54144K, reserved 1095680K
  class space    used 7382K, capacity 7784K, committed 7808K, reserved 1048576K
Event: 43.318 GC heap after
Heap after GC invocations=14 (full 2):
 PSYoungGen      total 162816K, used 13821K [0x00000000e0000000, 0x00000000eb580000, 0x0000000100000000)
  eden space 148992K, 0% used [0x00000000e0000000,0x00000000e0000000,0x00000000e9180000)
  from space 13824K, 99% used [0x00000000ea300000,0x00000000eb07f530,0x00000000eb080000)
  to   space 17920K, 0% used [0x00000000e9180000,0x00000000e9180000,0x00000000ea300000)
 ParOldGen       total 56832K, used 21690K [0x00000000a0000000, 0x00000000a3780000, 0x00000000e0000000)
  object space 56832K, 38% used [0x00000000a0000000,0x00000000a152ea40,0x00000000a3780000)
 Metaspace       used 52339K, capacity 54092K, committed 54144K, reserved 1095680K
  class space    used 7382K, capacity 7784K, committed 7808K, reserved 1048576K
}

