# JRE version: Java(TM) SE Runtime Environment (8.0_161-b12) (build 1.8.0_161-b12)
# Java VM: Java HotSpot(TM) 64-Bit Server VM (25.161-b12 mixed mode windows-amd64 compressed oops)
Heap:
 PSYoungGen      total 156672K, used 151409K [0x00000000e0000000, 0x00000000eae00000, 0x0000000100000000)
  eden space 139264K, 100% used [0x00000000e0000000,0x00000000e8800000,0x00000000e8800000)
  from space 17408K, 69% used [0x00000000e8800000,0x00000000e93dc5a8,0x00000000e9900000)
  to   space 13312K, 0% used [0x00000000e9900000,0x00000000e9900000,0x00000000ea600000)
 ParOldGen       total 53760K, used 53634K [0x00000000a0000000, 0x00000000a3480000, 0x00000000e0000000)
  object space 53760K, 99% used [0x00000000a0000000,0x00000000a3460a20,0x00000000a3480000)
 Metaspace       used 72321K, capacity 75030K, committed 75312K, reserved 1114112K
  class space    used 9815K, capacity 10424K, committed 10544K, reserved 1048576K
GC Heap History (10 events):
Event: 8.906 GC heap before
{Heap before GC invocations=17 (full 2):
 PSYoungGen      total 152576K, used 45927K [0x00000000e0000000, 0x00000000eae00000, 0x0000000100000000)
  eden space 139264K, 23% used [0x00000000e0000000,0x00000000e1fdec18,0x00000000e8800000)
  from space 13312K, 99% used [0x00000000e9900000,0x00000000ea5fb198,0x00000000ea600000)
  to   space 17408K, 0% used [0x00000000e8800000,0x00000000e8800000,0x00000000e9900000)
 ParOldGen       total 53760K, used 29096K [0x00000000a0000000, 0x00000000a3480000, 0x00000000e0000000)
  object space 53760K, 54% used [0x00000000a0000000,0x00000000a1c6a390,0x00000000a3480000)
 Metaspace       used 57049K, capacity 59010K, committed 59160K, reserved 1099776K
  class space    used 7998K, capacity 8508K, committed 8624K, reserved 1048576K
Event: 8.927 GC heap after
Heap after GC invocations=17 (full 2):
 PSYoungGen      total 156672K, used 4003K [0x00000000e0000000, 0x00000000eae00000, 0x0000000100000000)
  eden space 139264K, 0% used [0x00000000e0000000,0x00000000e0000000,0x00000000e8800000)
  from space 17408K, 23% used [0x00000000e8800000,0x00000000e8be8ff0,0x00000000e9900000)
  to   space 13312K, 0% used [0x00000000e9900000,0x00000000e9900000,0x00000000ea600000)
 ParOldGen       total 53760K, used 38304K [0x00000000a0000000, 0x00000000a3480000, 0x00000000e0000000)
  object space 53760K, 71% used [0x00000000a0000000,0x00000000a25682d0,0x00000000a3480000)
 Metaspace       used 57049K, capacity 59010K, committed 59160K, reserved 1099776K
  class space    used 7998K, capacity 8508K, committed 8624K, reserved 1048576K
}
Event: 8.927 GC heap before
{Heap before GC invocations=18 (full 3):
 PSYoungGen      total 156672K, used 4003K [0x00000000e0000000, 0x00000000eae00000, 0x0000000100000000)
  eden space 139264K, 0% used [0x00000000e0000000,0x00000000e0000000,0x00000000e8800000)
  from space 17408K, 23% used [0x00000000e8800000,0x00000000e8be8ff0,0x00000000e9900000)
  to   space 13312K, 0% used [0x00000000e9900000,0x00000000e9900000,0x00000000ea600000)
 ParOldGen       total 53760K, used 38304K [0x00000000a0000000, 0x00000000a3480000, 0x00000000e0000000)
  object space 53760K, 71% used [0x00000000a0000000,0x00000000a25682d0,0x00000000a3480000)
 Metaspace       used 57049K, capacity 59010K, committed 59160K, reserved 1099776K
  class space    used 7998K, capacity 8508K, committed 8624K, reserved 1048576K
Event: 9.133 GC heap after
Heap after GC invocations=18 (full 3):
 PSYoungGen      total 156672K, used 0K [0x00000000e0000000, 0x00000000eae00000, 0x0000000100000000)
  eden space 139264K, 0% used [0x00000000e0000000,0x00000000e0000000,0x00000000e8800000)
  from space 17408K, 0% used [0x00000000e8800000,0x00000000e8800000,0x00000000e9900000)
  to   space 13312K, 0% used [0x00000000e9900000,0x00000000e9900000,0x00000000ea600000)
 ParOldGen       total 53760K, used 37086K [0x00000000a0000000, 0x00000000a3480000, 0x00000000e0000000)
  object space 53760K, 68% used [0x00000000a0000000,0x00000000a24379e0,0x00000000a3480000)
 Metaspace       used 57049K, capacity 59010K, committed 59160K, reserved 1099776K
  class space    used 7998K, capacity 8508K, committed 8624K, reserved 1048576K
}
Event: 18.591 GC heap before
{Heap before GC invocations=19 (full 3):
 PSYoungGen      total 156672K, used 139264K [0x00000000e0000000, 0x00000000eae00000, 0x0000000100000000)
  eden space 139264K, 100% used [0x00000000e0000000,0x00000000e8800000,0x00000000e8800000)
  from space 17408K, 0% used [0x00000000e8800000,0x00000000e8800000,0x00000000e9900000)
  to   space 13312K, 0% used [0x00000000e9900000,0x00000000e9900000,0x00000000ea600000)
 ParOldGen       total 53760K, used 37086K [0x00000000a0000000, 0x00000000a3480000, 0x00000000e0000000)
  object space 53760K, 68% used [0x00000000a0000000,0x00000000a24379e0,0x00000000a3480000)
 Metaspace       used 62685K, capacity 64742K, committed 64816K, reserved 1105920K
  class space    used 8714K, capacity 9263K, committed 9264K, reserved 1048576K
Event: 18.602 GC heap after
Heap after GC invocations=19 (full 3):
 PSYoungGen      total 152576K, used 13073K [0x00000000e0000000, 0x00000000eae00000, 0x0000000100000000)
  eden space 139264K, 0% used [0x00000000e0000000,0x00000000e0000000,0x00000000e8800000)
  from space 13312K, 98% used [0x00000000e9900000,0x00000000ea5c4408,0x00000000ea600000)
  to   space 17408K, 0% used [0x00000000e8800000,0x00000000e8800000,0x00000000e9900000)
 ParOldGen       total 53760K, used 37094K [0x00000000a0000000, 0x00000000a3480000, 0x00000000e0000000)
  object space 53760K, 69% used [0x00000000a0000000,0x00000000a24399e0,0x00000000a3480000)
 Metaspace       used 62685K, capacity 64742K, committed 64816K, reserved 1105920K
  class space    used 8714K, capacity 9263K, committed 9264K, reserved 1048576K
}
Event: 49.819 GC heap before
{Heap before GC invocations=20 (full 3):
 PSYoungGen      total 152576K, used 152337K [0x00000000e0000000, 0x00000000eae00000, 0x0000000100000000)
  eden space 139264K, 100% used [0x00000000e0000000,0x00000000e8800000,0x00000000e8800000)
  from space 13312K, 98% used [0x00000000e9900000,0x00000000ea5c4408,0x00000000ea600000)
  to   space 17408K, 0% used [0x00000000e8800000,0x00000000e8800000,0x00000000e9900000)
 ParOldGen       total 53760K, used 37094K [0x00000000a0000000, 0x00000000a3480000, 0x00000000e0000000)
  object space 53760K, 69% used [0x00000000a0000000,0x00000000a24399e0,0x00000000a3480000)
 Metaspace       used 68887K, capacity 71136K, committed 71216K, reserved 1110016K
  class space    used 9428K, capacity 9964K, committed 10032K, reserved 1048576K
Event: 49.846 GC heap after
Heap after GC invocations=20 (full 3):
 PSYoungGen      total 156672K, used 17385K [0x00000000e0000000, 0x00000000eae00000, 0x0000000100000000)
  eden space 139264K, 0% used [0x00000000e0000000,0x00000000e0000000,0x00000000e8800000)
  from space 17408K, 99% used [0x00000000e8800000,0x00000000e98fa548,0x00000000e9900000)
  to   space 13312K, 0% used [0x00000000e9900000,0x00000000e9900000,0x00000000ea600000)
 ParOldGen       total 53760K, used 49636K [0x00000000a0000000, 0x00000000a3480000, 0x00000000e0000000)
  object space 53760K, 92% used [0x00000000a0000000,0x00000000a3079210,0x00000000a3480000)
 Metaspace       used 68887K, capacity 71136K, committed 71216K, reserved 1110016K
  class space    used 9428K, capacity 9964K, committed 10032K, reserved 1048576K
}
Event: 49.846 GC heap before
{Heap before GC invocations=21 (full 4):
 PSYoungGen      total 156672K, used 17385K [0x00000000e0000000, 0x00000000eae00000, 0x0000000100000000)
  eden space 139264K, 0% used [0x00000000e0000000,0x00000000e0000000,0x00000000e8800000)
  from space 17408K, 99% used [0x00000000e8800000,0x00000000e98fa548,0x00000000e9900000)
  to   space 13312K, 0% used [0x00000000e9900000,0x00000000e9900000,0x00000000ea600000)
 ParOldGen       total 53760K, used 49636K [0x00000000a0000000, 0x00000000a3480000, 0x00000000e0000000)
  object space 53760K, 92% used [0x00000000a0000000,0x00000000a3079210,0x00000000a3480000)
 Metaspace       used 68887K, capacity 71136K, committed 71216K, reserved 1110016K
  class space    used 9428K, capacity 9964K, committed 10032K, reserved 1048576K
Event: 50.262 GC heap after
Heap after GC invocations=21 (full 4):
 PSYoungGen      total 156672K, used 12145K [0x00000000e0000000, 0x00000000eae00000, 0x0000000100000000)
  eden space 139264K, 0% used [0x00000000e0000000,0x00000000e0000000,0x00000000e8800000)
  from space 17408K, 69% used [0x00000000e8800000,0x00000000e93dc5a8,0x00000000e9900000)
  to   space 13312K, 0% used [0x00000000e9900000,0x00000000e9900000,0x00000000ea600000)
 ParOldGen       total 53760K, used 53634K [0x00000000a0000000, 0x00000000a3480000, 0x00000000e0000000)
  object space 53760K, 99% used [0x00000000a0000000,0x00000000a3460a20,0x00000000a3480000)
 Metaspace       used 68887K, capacity 71136K, committed 71216K, reserved 1110016K
  class space    used 9428K, capacity 9964K, committed 10032K, reserved 1048576K
}

